# JRE version: OpenJDK Runtime Environment (8.0_152-b01) (build 1.8.0_152-release-1343-b01)
# Java VM: OpenJDK 64-Bit Server VM (25.152-b01 mixed mode windows-amd64 compressed oops)
Heap:
 PSYoungGen      total 209408K, used 204385K [0x00000000e0000000, 0x00000000f0000000, 0x0000000100000000)
  eden space 189440K, 98% used [0x00000000e0000000,0x00000000eb5f5250,0x00000000eb900000)
  from space 19968K, 90% used [0x00000000ece80000,0x00000000ee0232a0,0x00000000ee200000)
  to   space 22016K, 0% used [0x00000000eb900000,0x00000000eb900000,0x00000000ece80000)
 ParOldGen       total 132096K, used 52982K [0x00000000a0000000, 0x00000000a8100000, 0x00000000e0000000)
  object space 132096K, 40% used [0x00000000a0000000,0x00000000a33bdad8,0x00000000a8100000)
 Metaspace       used 78085K, capacity 81306K, committed 81560K, reserved 1120256K
  class space    used 10221K, capacity 10917K, committed 10920K, reserved 1048576K
GC Heap History (10 events):
Event: 14.868 GC heap before
{Heap before GC invocations=13 (full 2):
 PSYoungGen      total 154112K, used 147692K [0x00000000e0000000, 0x00000000eaa80000, 0x0000000100000000)
  eden space 141824K, 95% used [0x00000000e0000000,0x00000000e84429a8,0x00000000e8a80000)
  from space 12288K, 99% used [0x00000000e9900000,0x00000000ea4f88f8,0x00000000ea500000)
  to   space 14848K, 0% used [0x00000000e8a80000,0x00000000e8a80000,0x00000000e9900000)
 ParOldGen       total 84480K, used 21305K [0x00000000a0000000, 0x00000000a5280000, 0x00000000e0000000)
  object space 84480K, 25% used [0x00000000a0000000,0x00000000a14ce748,0x00000000a5280000)
 Metaspace       used 57480K, capacity 58962K, committed 59160K, reserved 1099776K
  class space    used 7639K, capacity 7953K, committed 7976K, reserved 1048576K
Event: 14.883 GC heap after
Heap after GC invocations=13 (full 2):
 PSYoungGen      total 156672K, used 13613K [0x00000000e0000000, 0x00000000ed980000, 0x0000000100000000)
  eden space 141824K, 0% used [0x00000000e0000000,0x00000000e0000000,0x00000000e8a80000)
  from space 14848K, 91% used [0x00000000e8a80000,0x00000000e97cb630,0x00000000e9900000)
  to   space 16384K, 0% used [0x00000000ec980000,0x00000000ec980000,0x00000000ed980000)
 ParOldGen       total 84480K, used 28521K [0x00000000a0000000, 0x00000000a5280000, 0x00000000e0000000)
  object space 84480K, 33% used [0x00000000a0000000,0x00000000a1bda640,0x00000000a5280000)
 Metaspace       used 57480K, capacity 58962K, committed 59160K, reserved 1099776K
  class space    used 7639K, capacity 7953K, committed 7976K, reserved 1048576K
}
Event: 14.883 GC heap before
{Heap before GC invocations=14 (full 3):
 PSYoungGen      total 156672K, used 13613K [0x00000000e0000000, 0x00000000ed980000, 0x0000000100000000)
  eden space 141824K, 0% used [0x00000000e0000000,0x00000000e0000000,0x00000000e8a80000)
  from space 14848K, 91% used [0x00000000e8a80000,0x00000000e97cb630,0x00000000e9900000)
  to   space 16384K, 0% used [0x00000000ec980000,0x00000000ec980000,0x00000000ed980000)
 ParOldGen       total 84480K, used 28521K [0x00000000a0000000, 0x00000000a5280000, 0x00000000e0000000)
  object space 84480K, 33% used [0x00000000a0000000,0x00000000a1bda640,0x00000000a5280000)
 Metaspace       used 57480K, capacity 58962K, committed 59160K, reserved 1099776K
  class space    used 7639K, capacity 7953K, committed 7976K, reserved 1048576K
Event: 15.065 GC heap after
Heap after GC invocations=14 (full 3):
 PSYoungGen      total 156672K, used 0K [0x00000000e0000000, 0x00000000ed980000, 0x0000000100000000)
  eden space 141824K, 0% used [0x00000000e0000000,0x00000000e0000000,0x00000000e8a80000)
  from space 14848K, 0% used [0x00000000e8a80000,0x00000000e8a80000,0x00000000e9900000)
  to   space 16384K, 0% used [0x00000000ec980000,0x00000000ec980000,0x00000000ed980000)
 ParOldGen       total 132096K, used 34896K [0x00000000a0000000, 0x00000000a8100000, 0x00000000e0000000)
  object space 132096K, 26% used [0x00000000a0000000,0x00000000a2214240,0x00000000a8100000)
 Metaspace       used 57453K, capacity 58874K, committed 59160K, reserved 1099776K
  class space    used 7632K, capacity 7945K, committed 7976K, reserved 1048576K
}
Event: 17.679 GC heap before
{Heap before GC invocations=15 (full 3):
 PSYoungGen      total 156672K, used 141824K [0x00000000e0000000, 0x00000000ed980000, 0x0000000100000000)
  eden space 141824K, 100% used [0x00000000e0000000,0x00000000e8a80000,0x00000000e8a80000)
  from space 14848K, 0% used [0x00000000e8a80000,0x00000000e8a80000,0x00000000e9900000)
  to   space 16384K, 0% used [0x00000000ec980000,0x00000000ec980000,0x00000000ed980000)
 ParOldGen       total 132096K, used 34896K [0x00000000a0000000, 0x00000000a8100000, 0x00000000e0000000)
  object space 132096K, 26% used [0x00000000a0000000,0x00000000a2214240,0x00000000a8100000)
 Metaspace       used 67450K, capacity 69494K, committed 69656K, reserved 1110016K
  class space    used 8934K, capacity 9386K, committed 9512K, reserved 1048576K
Event: 17.690 GC heap after
Heap after GC invocations=15 (full 3):
 PSYoungGen      total 178688K, used 13910K [0x00000000e0000000, 0x00000000ed780000, 0x0000000100000000)
  eden space 164352K, 0% used [0x00000000e0000000,0x00000000e0000000,0x00000000ea080000)
  from space 14336K, 97% used [0x00000000ec980000,0x00000000ed715ad8,0x00000000ed780000)
  to   space 17408K, 0% used [0x00000000eb580000,0x00000000eb580000,0x00000000ec680000)
 ParOldGen       total 132096K, used 34904K [0x00000000a0000000, 0x00000000a8100000, 0x00000000e0000000)
  object space 132096K, 26% used [0x00000000a0000000,0x00000000a2216240,0x00000000a8100000)
 Metaspace       used 67450K, capacity 69494K, committed 69656K, reserved 1110016K
  class space    used 8934K, capacity 9386K, committed 9512K, reserved 1048576K
}
Event: 19.342 GC heap before
{Heap before GC invocations=16 (full 3):
 PSYoungGen      total 178688K, used 178262K [0x00000000e0000000, 0x00000000ed780000, 0x0000000100000000)
  eden space 164352K, 100% used [0x00000000e0000000,0x00000000ea080000,0x00000000ea080000)
  from space 14336K, 97% used [0x00000000ec980000,0x00000000ed715ad8,0x00000000ed780000)
  to   space 17408K, 0% used [0x00000000eb580000,0x00000000eb580000,0x00000000ec680000)
 ParOldGen       total 132096K, used 34904K [0x00000000a0000000, 0x00000000a8100000, 0x00000000e0000000)
  object space 132096K, 26% used [0x00000000a0000000,0x00000000a2216240,0x00000000a8100000)
 Metaspace       used 70238K, capacity 72540K, committed 72600K, reserved 1112064K
  class space    used 9281K, capacity 9842K, committed 9896K, reserved 1048576K
Event: 19.360 GC heap after
Heap after GC invocations=16 (full 3):
 PSYoungGen      total 203264K, used 17395K [0x00000000e0000000, 0x00000000ee200000, 0x0000000100000000)
  eden space 185856K, 0% used [0x00000000e0000000,0x00000000e0000000,0x00000000eb580000)
  from space 17408K, 99% used [0x00000000eb580000,0x00000000ec67cfa0,0x00000000ec680000)
  to   space 19968K, 0% used [0x00000000ece80000,0x00000000ece80000,0x00000000ee200000)
 ParOldGen       total 132096K, used 36431K [0x00000000a0000000, 0x00000000a8100000, 0x00000000e0000000)
  object space 132096K, 27% used [0x00000000a0000000,0x00000000a2393c48,0x00000000a8100000)
 Metaspace       used 70238K, capacity 72540K, committed 72600K, reserved 1112064K
  class space    used 9281K, capacity 9842K, committed 9896K, reserved 1048576K
}
Event: 21.112 GC heap before
{Heap before GC invocations=17 (full 3):
 PSYoungGen      total 203264K, used 203251K [0x00000000e0000000, 0x00000000ee200000, 0x0000000100000000)
  eden space 185856K, 100% used [0x00000000e0000000,0x00000000eb580000,0x00000000eb580000)
  from space 17408K, 99% used [0x00000000eb580000,0x00000000ec67cfa0,0x00000000ec680000)
  to   space 19968K, 0% used [0x00000000ece80000,0x00000000ece80000,0x00000000ee200000)
 ParOldGen       total 132096K, used 36431K [0x00000000a0000000, 0x00000000a8100000, 0x00000000e0000000)
  object space 132096K, 27% used [0x00000000a0000000,0x00000000a2393c48,0x00000000a8100000)
 Metaspace       used 74052K, capacity 76466K, committed 76696K, reserved 1116160K
  class space    used 9756K, capacity 10337K, committed 10408K, reserved 1048576K
Event: 21.134 GC heap after
Heap after GC invocations=17 (full 3):
 PSYoungGen      total 209408K, used 18060K [0x00000000e0000000, 0x00000000f0000000, 0x0000000100000000)
  eden space 189440K, 0% used [0x00000000e0000000,0x00000000e0000000,0x00000000eb900000)
  from space 19968K, 90% used [0x00000000ece80000,0x00000000ee0232a0,0x00000000ee200000)
  to   space 22016K, 0% used [0x00000000eb900000,0x00000000eb900000,0x00000000ece80000)
 ParOldGen       total 132096K, used 52982K [0x00000000a0000000, 0x00000000a8100000, 0x00000000e0000000)
  object space 132096K, 40% used [0x00000000a0000000,0x00000000a33bdad8,0x00000000a8100000)
 Metaspace       used 74052K, capacity 76466K, committed 76696K, reserved 1116160K
  class space    used 9756K, capacity 10337K, committed 10408K, reserved 1048576K
}

